[debug] [2021-04-01T18:27:27.386Z] ----------------------------------------------------------------------
[debug] [2021-04-01T18:27:27.389Z] Command:       /usr/local/bin/node /usr/local/bin/firebase init hosting
[debug] [2021-04-01T18:27:27.389Z] CLI Version:   9.8.0
[debug] [2021-04-01T18:27:27.389Z] Platform:      linux
[debug] [2021-04-01T18:27:27.389Z] Node Version:  v15.8.0
[debug] [2021-04-01T18:27:27.390Z] Time:          Thu Apr 01 2021 21:27:27 GMT+0300 (Eastern European Summer Time)
[debug] [2021-04-01T18:27:27.390Z] ----------------------------------------------------------------------
[debug] 
[debug] [2021-04-01T18:27:27.399Z] > command requires scopes: ["email","openid","https://www.googleapis.com/auth/cloudplatformprojects.readonly","https://www.googleapis.com/auth/firebase","https://www.googleapis.com/auth/cloud-platform"]
[debug] [2021-04-01T18:27:27.400Z] > authorizing via signed-in user
[info] 
     ######## #### ########  ######## ########     ###     ######  ########
     ##        ##  ##     ## ##       ##     ##  ##   ##  ##       ##
     ######    ##  ########  ######   ########  #########  ######  ######
     ##        ##  ##    ##  ##       ##     ## ##     ##       ## ##
     ##       #### ##     ## ######## ########  ##     ##  ######  ########

You're about to initialize a Firebase project in this directory:

  /home/montini/Documents/vscode/vue/teamsports-web

[info] 
=== Project Setup
[info] 
[info] First, let's associate this project directory with a Firebase project.
[info] You can create multiple project aliases by running firebase use --add, 
[info] but for now we'll just set up a default project.
[info] 
[debug] [2021-04-01T18:27:58.723Z] >>> [apiv2][query] GET https://firebase.googleapis.com/v1beta1/projects pageSize=100
[debug] [2021-04-01T18:27:59.220Z] <<< [apiv2][status] GET https://firebase.googleapis.com/v1beta1/projects 200
[debug] [2021-04-01T18:27:59.220Z] <<< [apiv2][body] GET https://firebase.googleapis.com/v1beta1/projects [omitted]
[info] i  Using project insectnet-web-apps (insectnet-web-apps) 
[info] 
=== Hosting Setup
[info] 
[info] Your public directory is the folder (relative to your project directory) that
[info] will contain Hosting assets to be uploaded with firebase deploy. If you
[info] have a build process for your assets, use your build's output directory.
[info] 
